
 N E X T F L O W   ~  version 24.10.3

NOTE: Your local project version looks outdated - a different revision is available in the remote repository [82ee2902ad]
Launching `https://github.com/pgscatalog/pgsc_calc` [fervent_cuvier] DSL2 - revision: 205cbfd1f5 [main]



------------------------------------------------------
  pgscatalog/pgsc_calc v2.0.0-g205cbfd
------------------------------------------------------
Core Nextflow options
  revision       : main
  runName        : fervent_cuvier
  containerEngine: singularity
  launchDir      : /projects/rpci/songyao/pnfioric/pgs_calc
  workDir        : /projects/rpci/songyao/pnfioric/pgs_calc/work
  projectDir     : /user/pnfioric/.nextflow/assets/pgscatalog/pgsc_calc
  userName       : pnfioric
  profile        : singularity
  configFiles    : 

!! Only displaying parameters that differ from the pipeline defaults !!
------------------------------------------------------
If you use pgscatalog/pgsc_calc for your analysis please cite:

* The Polygenic Score Catalog
  https://doi.org/10.1101/2024.05.29.24307783
  https://doi.org/10.1038/s41588-021-00783-5

* The nf-core framework
  https://doi.org/10.1038/s41587-020-0439-x

* Software dependencies
  https://github.com/pgscatalog/pgsc_calc/blob/main/CITATIONS.md

[-        ] PGS…SCCALC:DOWNLOAD_SCOREFILES -
[-        ] PGS…T_CHECK:COMBINE_SCOREFILES -
[-        ] PGS…MPATIBLE:PLINK2_RELABELBIM -

[-        ] PGS…SCCALC:DOWNLOAD_SCOREFILES -
[-        ] PGS…T_CHECK:COMBINE_SCOREFILES -
[-        ] PGS…MPATIBLE:PLINK2_RELABELBIM -
[-        ] PGS…PATIBLE:PLINK2_RELABELPVAR -
[-        ] PGS…MAKE_COMPATIBLE:PLINK2_VCF -
[-        ] PGS…CCALC:MATCH:MATCH_VARIANTS -
[-        ] PGS…SCCALC:MATCH:MATCH_COMBINE -
[-        ] PGS…C:APPLY_SCORE:PLINK2_SCORE -
[-        ] PGS…PPLY_SCORE:SCORE_AGGREGATE -

[-        ] PGS…SCCALC:DOWNLOAD_SCOREFILES -
[-        ] PGS…T_CHECK:COMBINE_SCOREFILES -
[-        ] PGS…MPATIBLE:PLINK2_RELABELBIM -
[-        ] PGS…PATIBLE:PLINK2_RELABELPVAR -
[-        ] PGS…MAKE_COMPATIBLE:PLINK2_VCF -
[-        ] PGS…CCALC:MATCH:MATCH_VARIANTS -
[-        ] PGS…SCCALC:MATCH:MATCH_COMBINE -
[-        ] PGS…C:APPLY_SCORE:PLINK2_SCORE -
[-        ] PGS…PPLY_SCORE:SCORE_AGGREGATE -
[-        ] PGS…SCCALC:REPORT:SCORE_REPORT -
[-        ] PGS…CCALC:DUMPSOFTWAREVERSIONS -

[-        ] PGS…SCCALC:DOWNLOAD_SCOREFILES -
[-        ] PGS…T_CHECK:COMBINE_SCOREFILES -
[-        ] PGS…MPATIBLE:PLINK2_RELABELBIM -
[-        ] PGS…PATIBLE:PLINK2_RELABELPVAR -
[-        ] PGS…MAKE_COMPATIBLE:PLINK2_VCF -
[-        ] PGS…CCALC:MATCH:MATCH_VARIANTS -
[-        ] PGS…SCCALC:MATCH:MATCH_COMBINE -
[-        ] PGS…C:APPLY_SCORE:PLINK2_SCORE -
[-        ] PGS…PPLY_SCORE:SCORE_AGGREGATE -
[-        ] PGS…SCCALC:REPORT:SCORE_REPORT -
[-        ] PGS…CCALC:DUMPSOFTWAREVERSIONS -
Pulling Singularity image oras://ghcr.io/pgscatalog/pygscatalog:pgscatalog-utils-1.4.4-singularity [cache /projects/rpci/songyao/pnfioric/pgs_calc/work/singularity/ghcr.io-pgscatalog-pygscatalog-pgscatalog-utils-1.4.4-singularity.img]
Pulling Singularity image oras://ghcr.io/pgscatalog/plink2:2.00a5.10-singularity [cache /projects/rpci/songyao/pnfioric/pgs_calc/work/singularity/ghcr.io-pgscatalog-plink2-2.00a5.10-singularity.img]
WARN: Singularity cache directory has not been defined -- Remote image will be stored in the path: /projects/rpci/songyao/pnfioric/pgs_calc/work/singularity -- Use the environment variable NXF_SINGULARITY_CACHEDIR to specify a different location

[-        ] PGS…SCCALC:DOWNLOAD_SCOREFILES -
[-        ] PGS…T_CHECK:COMBINE_SCOREFILES -
[-        ] PGS…MPATIBLE:PLINK2_RELABELBIM -
[-        ] PGS…PATIBLE:PLINK2_RELABELPVAR | 0 of 13
[-        ] PGS…MAKE_COMPATIBLE:PLINK2_VCF -
[-        ] PGS…CCALC:MATCH:MATCH_VARIANTS -
[-        ] PGS…SCCALC:MATCH:MATCH_COMBINE -
[-        ] PGS…C:APPLY_SCORE:PLINK2_SCORE -
[-        ] PGS…PPLY_SCORE:SCORE_AGGREGATE -
[-        ] PGS…SCCALC:REPORT:SCORE_REPORT -
[-        ] PGS…CCALC:DUMPSOFTWAREVERSIONS -
Pulling Singularity image oras://ghcr.io/pgscatalog/pygscatalog:pgscatalog-utils-1.4.4-singularity [cache /projects/rpci/songyao/pnfioric/pgs_calc/work/singularity/ghcr.io-pgscatalog-pygscatalog-pgscatalog-utils-1.4.4-singularity.img]
Pulling Singularity image oras://ghcr.io/pgscatalog/plink2:2.00a5.10-singularity [cache /projects/rpci/songyao/pnfioric/pgs_calc/work/singularity/ghcr.io-pgscatalog-plink2-2.00a5.10-singularity.img]
WARN: Singularity cache directory has not been defined -- Remote image will be stored in the path: /projects/rpci/songyao/pnfioric/pgs_calc/work/singularity -- Use the environment variable NXF_SINGULARITY_CACHEDIR to specify a different location

executor >  local (4)
[-        ] PGS…SCCALC:DOWNLOAD_SCOREFILES -
[-        ] PGS…T_CHECK:COMBINE_SCOREFILES -
[-        ] PGS…MPATIBLE:PLINK2_RELABELBIM -
[80/8cb90c] PGS…AR (pathways chromosome 1) | 0 of 22
[-        ] PGS…MAKE_COMPATIBLE:PLINK2_VCF -
[-        ] PGS…CCALC:MATCH:MATCH_VARIANTS -
[-        ] PGS…SCCALC:MATCH:MATCH_COMBINE -
[-        ] PGS…C:APPLY_SCORE:PLINK2_SCORE -
[-        ] PGS…PPLY_SCORE:SCORE_AGGREGATE -
[-        ] PGS…SCCALC:REPORT:SCORE_REPORT -
[-        ] PGS…CCALC:DUMPSOFTWAREVERSIONS -
Pulling Singularity image oras://ghcr.io/pgscatalog/pygscatalog:pgscatalog-utils-1.4.4-singularity [cache /projects/rpci/songyao/pnfioric/pgs_calc/work/singularity/ghcr.io-pgscatalog-pygscatalog-pgscatalog-utils-1.4.4-singularity.img]
Pulling Singularity image oras://ghcr.io/pgscatalog/plink2:2.00a5.10-singularity [cache /projects/rpci/songyao/pnfioric/pgs_calc/work/singularity/ghcr.io-pgscatalog-plink2-2.00a5.10-singularity.img]
WARN: Singularity cache directory has not been defined -- Remote image will be stored in the path: /projects/rpci/songyao/pnfioric/pgs_calc/work/singularity -- Use the environment variable NXF_SINGULARITY_CACHEDIR to specify a different location

executor >  local (4)
[-        ] PGS…SCCALC:DOWNLOAD_SCOREFILES | 0 of 1
[-        ] PGS…T_CHECK:COMBINE_SCOREFILES -
[-        ] PGS…MPATIBLE:PLINK2_RELABELBIM -
[80/8cb90c] PGS…AR (pathways chromosome 1) | 0 of 22
[-        ] PGS…MAKE_COMPATIBLE:PLINK2_VCF -
[-        ] PGS…CCALC:MATCH:MATCH_VARIANTS -
[-        ] PGS…SCCALC:MATCH:MATCH_COMBINE -
[-        ] PGS…C:APPLY_SCORE:PLINK2_SCORE -
[-        ] PGS…PPLY_SCORE:SCORE_AGGREGATE -
[-        ] PGS…SCCALC:REPORT:SCORE_REPORT -
[-        ] PGS…CCALC:DUMPSOFTWAREVERSIONS -
Pulling Singularity image oras://ghcr.io/pgscatalog/pygscatalog:pgscatalog-utils-1.4.4-singularity [cache /projects/rpci/songyao/pnfioric/pgs_calc/work/singularity/ghcr.io-pgscatalog-pygscatalog-pgscatalog-utils-1.4.4-singularity.img]
Pulling Singularity image oras://ghcr.io/pgscatalog/plink2:2.00a5.10-singularity [cache /projects/rpci/songyao/pnfioric/pgs_calc/work/singularity/ghcr.io-pgscatalog-plink2-2.00a5.10-singularity.img]
WARN: Singularity cache directory has not been defined -- Remote image will be stored in the path: /projects/rpci/songyao/pnfioric/pgs_calc/work/singularity -- Use the environment variable NXF_SINGULARITY_CACHEDIR to specify a different location

executor >  local (5)
[-        ] PGS…SCCALC:DOWNLOAD_SCOREFILES | 0 of 1
[-        ] PGS…T_CHECK:COMBINE_SCOREFILES -
[-        ] PGS…MPATIBLE:PLINK2_RELABELBIM -
[f5/bb0867] PGS…AR (pathways chromosome 8) | 1 of 22
[-        ] PGS…MAKE_COMPATIBLE:PLINK2_VCF -
[-        ] PGS…CCALC:MATCH:MATCH_VARIANTS -
[-        ] PGS…SCCALC:MATCH:MATCH_COMBINE -
[-        ] PGS…C:APPLY_SCORE:PLINK2_SCORE -
[-        ] PGS…PPLY_SCORE:SCORE_AGGREGATE -
[-        ] PGS…SCCALC:REPORT:SCORE_REPORT -
[-        ] PGS…CCALC:DUMPSOFTWAREVERSIONS -
Pulling Singularity image oras://ghcr.io/pgscatalog/pygscatalog:pgscatalog-utils-1.4.4-singularity [cache /projects/rpci/songyao/pnfioric/pgs_calc/work/singularity/ghcr.io-pgscatalog-pygscatalog-pgscatalog-utils-1.4.4-singularity.img]
Pulling Singularity image oras://ghcr.io/pgscatalog/plink2:2.00a5.10-singularity [cache /projects/rpci/songyao/pnfioric/pgs_calc/work/singularity/ghcr.io-pgscatalog-plink2-2.00a5.10-singularity.img]
WARN: Singularity cache directory has not been defined -- Remote image will be stored in the path: /projects/rpci/songyao/pnfioric/pgs_calc/work/singularity -- Use the environment variable NXF_SINGULARITY_CACHEDIR to specify a different location

executor >  local (6)
[-        ] PGS…SCCALC:DOWNLOAD_SCOREFILES | 0 of 1
[-        ] PGS…T_CHECK:COMBINE_SCOREFILES -
[-        ] PGS…MPATIBLE:PLINK2_RELABELBIM -
[0c/7f9253] PGS…AR (pathways chromosome 2) | 2 of 22
[-        ] PGS…MAKE_COMPATIBLE:PLINK2_VCF -
[-        ] PGS…CCALC:MATCH:MATCH_VARIANTS -
[-        ] PGS…SCCALC:MATCH:MATCH_COMBINE -
[-        ] PGS…C:APPLY_SCORE:PLINK2_SCORE -
[-        ] PGS…PPLY_SCORE:SCORE_AGGREGATE -
[-        ] PGS…SCCALC:REPORT:SCORE_REPORT -
[-        ] PGS…CCALC:DUMPSOFTWAREVERSIONS -
Pulling Singularity image oras://ghcr.io/pgscatalog/pygscatalog:pgscatalog-utils-1.4.4-singularity [cache /projects/rpci/songyao/pnfioric/pgs_calc/work/singularity/ghcr.io-pgscatalog-pygscatalog-pgscatalog-utils-1.4.4-singularity.img]
Pulling Singularity image oras://ghcr.io/pgscatalog/plink2:2.00a5.10-singularity [cache /projects/rpci/songyao/pnfioric/pgs_calc/work/singularity/ghcr.io-pgscatalog-plink2-2.00a5.10-singularity.img]
WARN: Singularity cache directory has not been defined -- Remote image will be stored in the path: /projects/rpci/songyao/pnfioric/pgs_calc/work/singularity -- Use the environment variable NXF_SINGULARITY_CACHEDIR to specify a different location

executor >  local (6)
[-        ] PGS…SCCALC:DOWNLOAD_SCOREFILES | 0 of 1
[-        ] PGS…T_CHECK:COMBINE_SCOREFILES -
[-        ] PGS…MPATIBLE:PLINK2_RELABELBIM -
[0c/7f9253] PGS…AR (pathways chromosome 2) | 2 of 22
[-        ] PGS…MAKE_COMPATIBLE:PLINK2_VCF -
[-        ] PGS…CCALC:MATCH:MATCH_VARIANTS -
[-        ] PGS…SCCALC:MATCH:MATCH_COMBINE -
[-        ] PGS…C:APPLY_SCORE:PLINK2_SCORE -
[-        ] PGS…PPLY_SCORE:SCORE_AGGREGATE -
[-        ] PGS…SCCALC:REPORT:SCORE_REPORT -
[-        ] PGS…CCALC:DUMPSOFTWAREVERSIONS -
Pulling Singularity image oras://ghcr.io/pgscatalog/pygscatalog:pgscatalog-utils-1.4.4-singularity [cache /projects/rpci/songyao/pnfioric/pgs_calc/work/singularity/ghcr.io-pgscatalog-pygscatalog-pgscatalog-utils-1.4.4-singularity.img]
Pulling Singularity image oras://ghcr.io/pgscatalog/plink2:2.00a5.10-singularity [cache /projects/rpci/songyao/pnfioric/pgs_calc/work/singularity/ghcr.io-pgscatalog-plink2-2.00a5.10-singularity.img]
WARN: Singularity cache directory has not been defined -- Remote image will be stored in the path: /projects/rpci/songyao/pnfioric/pgs_calc/work/singularity -- Use the environment variable NXF_SINGULARITY_CACHEDIR to specify a different location

executor >  local (7)
[-        ] PGS…SCCALC:DOWNLOAD_SCOREFILES | 0 of 1
[-        ] PGS…T_CHECK:COMBINE_SCOREFILES -
[-        ] PGS…MPATIBLE:PLINK2_RELABELBIM -
[d1/147ba8] PGS…AR (pathways chromosome 6) | 3 of 22
[-        ] PGS…MAKE_COMPATIBLE:PLINK2_VCF -
[-        ] PGS…CCALC:MATCH:MATCH_VARIANTS -
[-        ] PGS…SCCALC:MATCH:MATCH_COMBINE -
[-        ] PGS…C:APPLY_SCORE:PLINK2_SCORE -
[-        ] PGS…PPLY_SCORE:SCORE_AGGREGATE -
[-        ] PGS…SCCALC:REPORT:SCORE_REPORT -
[-        ] PGS…CCALC:DUMPSOFTWAREVERSIONS -
Pulling Singularity image oras://ghcr.io/pgscatalog/pygscatalog:pgscatalog-utils-1.4.4-singularity [cache /projects/rpci/songyao/pnfioric/pgs_calc/work/singularity/ghcr.io-pgscatalog-pygscatalog-pgscatalog-utils-1.4.4-singularity.img]
Pulling Singularity image oras://ghcr.io/pgscatalog/plink2:2.00a5.10-singularity [cache /projects/rpci/songyao/pnfioric/pgs_calc/work/singularity/ghcr.io-pgscatalog-plink2-2.00a5.10-singularity.img]
WARN: Singularity cache directory has not been defined -- Remote image will be stored in the path: /projects/rpci/songyao/pnfioric/pgs_calc/work/singularity -- Use the environment variable NXF_SINGULARITY_CACHEDIR to specify a different location

executor >  local (7)
[-        ] PGS…SCCALC:DOWNLOAD_SCOREFILES | 0 of 1
[-        ] PGS…T_CHECK:COMBINE_SCOREFILES -
[-        ] PGS…MPATIBLE:PLINK2_RELABELBIM -
[d1/147ba8] PGS…AR (pathways chromosome 6) | 3 of 22
[-        ] PGS…MAKE_COMPATIBLE:PLINK2_VCF -
[-        ] PGS…CCALC:MATCH:MATCH_VARIANTS -
[-        ] PGS…SCCALC:MATCH:MATCH_COMBINE -
[-        ] PGS…C:APPLY_SCORE:PLINK2_SCORE -
[-        ] PGS…PPLY_SCORE:SCORE_AGGREGATE -
[-        ] PGS…SCCALC:REPORT:SCORE_REPORT -
[-        ] PGS…CCALC:DUMPSOFTWAREVERSIONS -
Pulling Singularity image oras://ghcr.io/pgscatalog/pygscatalog:pgscatalog-utils-1.4.4-singularity [cache /projects/rpci/songyao/pnfioric/pgs_calc/work/singularity/ghcr.io-pgscatalog-pygscatalog-pgscatalog-utils-1.4.4-singularity.img]
Pulling Singularity image oras://ghcr.io/pgscatalog/plink2:2.00a5.10-singularity [cache /projects/rpci/songyao/pnfioric/pgs_calc/work/singularity/ghcr.io-pgscatalog-plink2-2.00a5.10-singularity.img]
WARN: Singularity cache directory has not been defined -- Remote image will be stored in the path: /projects/rpci/songyao/pnfioric/pgs_calc/work/singularity -- Use the environment variable NXF_SINGULARITY_CACHEDIR to specify a different location

executor >  local (8)
[-        ] PGS…SCCALC:DOWNLOAD_SCOREFILES | 0 of 1
[-        ] PGS…T_CHECK:COMBINE_SCOREFILES -
[-        ] PGS…MPATIBLE:PLINK2_RELABELBIM -
[ab/ff347e] PGS…AR (pathways chromosome 3) | 4 of 22
[-        ] PGS…MAKE_COMPATIBLE:PLINK2_VCF -
[-        ] PGS…CCALC:MATCH:MATCH_VARIANTS -
[-        ] PGS…SCCALC:MATCH:MATCH_COMBINE -
[-        ] PGS…C:APPLY_SCORE:PLINK2_SCORE -
[-        ] PGS…PPLY_SCORE:SCORE_AGGREGATE -
[-        ] PGS…SCCALC:REPORT:SCORE_REPORT -
[-        ] PGS…CCALC:DUMPSOFTWAREVERSIONS -
Pulling Singularity image oras://ghcr.io/pgscatalog/pygscatalog:pgscatalog-utils-1.4.4-singularity [cache /projects/rpci/songyao/pnfioric/pgs_calc/work/singularity/ghcr.io-pgscatalog-pygscatalog-pgscatalog-utils-1.4.4-singularity.img]
Pulling Singularity image oras://ghcr.io/pgscatalog/plink2:2.00a5.10-singularity [cache /projects/rpci/songyao/pnfioric/pgs_calc/work/singularity/ghcr.io-pgscatalog-plink2-2.00a5.10-singularity.img]
WARN: Singularity cache directory has not been defined -- Remote image will be stored in the path: /projects/rpci/songyao/pnfioric/pgs_calc/work/singularity -- Use the environment variable NXF_SINGULARITY_CACHEDIR to specify a different location

executor >  local (8)
[-        ] PGS…SCCALC:DOWNLOAD_SCOREFILES | 0 of 1
[-        ] PGS…T_CHECK:COMBINE_SCOREFILES -
[-        ] PGS…MPATIBLE:PLINK2_RELABELBIM -
[d1/147ba8] PGS…AR (pathways chromosome 6) | 6 of 22
[-        ] PGS…MAKE_COMPATIBLE:PLINK2_VCF -
[-        ] PGS…CCALC:MATCH:MATCH_VARIANTS -
[-        ] PGS…SCCALC:MATCH:MATCH_COMBINE -
[-        ] PGS…C:APPLY_SCORE:PLINK2_SCORE -
[-        ] PGS…PPLY_SCORE:SCORE_AGGREGATE -
[-        ] PGS…SCCALC:REPORT:SCORE_REPORT -
[-        ] PGS…CCALC:DUMPSOFTWAREVERSIONS -
Pulling Singularity image oras://ghcr.io/pgscatalog/pygscatalog:pgscatalog-utils-1.4.4-singularity [cache /projects/rpci/songyao/pnfioric/pgs_calc/work/singularity/ghcr.io-pgscatalog-pygscatalog-pgscatalog-utils-1.4.4-singularity.img]
Pulling Singularity image oras://ghcr.io/pgscatalog/plink2:2.00a5.10-singularity [cache /projects/rpci/songyao/pnfioric/pgs_calc/work/singularity/ghcr.io-pgscatalog-plink2-2.00a5.10-singularity.img]
WARN: Singularity cache directory has not been defined -- Remote image will be stored in the path: /projects/rpci/songyao/pnfioric/pgs_calc/work/singularity -- Use the environment variable NXF_SINGULARITY_CACHEDIR to specify a different location

executor >  local (10)
[-        ] PGS…SCCALC:DOWNLOAD_SCOREFILES | 0 of 1
[-        ] PGS…T_CHECK:COMBINE_SCOREFILES -
[-        ] PGS…MPATIBLE:PLINK2_RELABELBIM -
[2d/6bba1b] PGS…R (pathways chromosome 10) | 6 of 22
[-        ] PGS…MAKE_COMPATIBLE:PLINK2_VCF -
[-        ] PGS…CCALC:MATCH:MATCH_VARIANTS -
[-        ] PGS…SCCALC:MATCH:MATCH_COMBINE -
[-        ] PGS…C:APPLY_SCORE:PLINK2_SCORE -
[-        ] PGS…PPLY_SCORE:SCORE_AGGREGATE -
[-        ] PGS…SCCALC:REPORT:SCORE_REPORT -
[-        ] PGS…CCALC:DUMPSOFTWAREVERSIONS -
Pulling Singularity image oras://ghcr.io/pgscatalog/pygscatalog:pgscatalog-utils-1.4.4-singularity [cache /projects/rpci/songyao/pnfioric/pgs_calc/work/singularity/ghcr.io-pgscatalog-pygscatalog-pgscatalog-utils-1.4.4-singularity.img]
Pulling Singularity image oras://ghcr.io/pgscatalog/plink2:2.00a5.10-singularity [cache /projects/rpci/songyao/pnfioric/pgs_calc/work/singularity/ghcr.io-pgscatalog-plink2-2.00a5.10-singularity.img]
WARN: Singularity cache directory has not been defined -- Remote image will be stored in the path: /projects/rpci/songyao/pnfioric/pgs_calc/work/singularity -- Use the environment variable NXF_SINGULARITY_CACHEDIR to specify a different location

executor >  local (11)
[-        ] PGS…SCCALC:DOWNLOAD_SCOREFILES | 0 of 1
[-        ] PGS…T_CHECK:COMBINE_SCOREFILES -
[-        ] PGS…MPATIBLE:PLINK2_RELABELBIM -
[0d/004966] PGS…R (pathways chromosome 12) | 7 of 22
[-        ] PGS…MAKE_COMPATIBLE:PLINK2_VCF -
[-        ] PGS…CCALC:MATCH:MATCH_VARIANTS -
[-        ] PGS…SCCALC:MATCH:MATCH_COMBINE -
[-        ] PGS…C:APPLY_SCORE:PLINK2_SCORE -
[-        ] PGS…PPLY_SCORE:SCORE_AGGREGATE -
[-        ] PGS…SCCALC:REPORT:SCORE_REPORT -
[-        ] PGS…CCALC:DUMPSOFTWAREVERSIONS -
Pulling Singularity image oras://ghcr.io/pgscatalog/pygscatalog:pgscatalog-utils-1.4.4-singularity [cache /projects/rpci/songyao/pnfioric/pgs_calc/work/singularity/ghcr.io-pgscatalog-pygscatalog-pgscatalog-utils-1.4.4-singularity.img]
Pulling Singularity image oras://ghcr.io/pgscatalog/plink2:2.00a5.10-singularity [cache /projects/rpci/songyao/pnfioric/pgs_calc/work/singularity/ghcr.io-pgscatalog-plink2-2.00a5.10-singularity.img]
WARN: Singularity cache directory has not been defined -- Remote image will be stored in the path: /projects/rpci/songyao/pnfioric/pgs_calc/work/singularity -- Use the environment variable NXF_SINGULARITY_CACHEDIR to specify a different location

executor >  local (11)
[-        ] PGS…SCCALC:DOWNLOAD_SCOREFILES | 0 of 1
[-        ] PGS…T_CHECK:COMBINE_SCOREFILES -
[-        ] PGS…MPATIBLE:PLINK2_RELABELBIM -
[0d/004966] PGS…R (pathways chromosome 12) | 7 of 22
[-        ] PGS…MAKE_COMPATIBLE:PLINK2_VCF -
[-        ] PGS…CCALC:MATCH:MATCH_VARIANTS -
[-        ] PGS…SCCALC:MATCH:MATCH_COMBINE -
[-        ] PGS…C:APPLY_SCORE:PLINK2_SCORE -
[-        ] PGS…PPLY_SCORE:SCORE_AGGREGATE -
[-        ] PGS…SCCALC:REPORT:SCORE_REPORT -
[-        ] PGS…CCALC:DUMPSOFTWAREVERSIONS -
Pulling Singularity image oras://ghcr.io/pgscatalog/pygscatalog:pgscatalog-utils-1.4.4-singularity [cache /projects/rpci/songyao/pnfioric/pgs_calc/work/singularity/ghcr.io-pgscatalog-pygscatalog-pgscatalog-utils-1.4.4-singularity.img]
Pulling Singularity image oras://ghcr.io/pgscatalog/plink2:2.00a5.10-singularity [cache /projects/rpci/songyao/pnfioric/pgs_calc/work/singularity/ghcr.io-pgscatalog-plink2-2.00a5.10-singularity.img]
WARN: Singularity cache directory has not been defined -- Remote image will be stored in the path: /projects/rpci/songyao/pnfioric/pgs_calc/work/singularity -- Use the environment variable NXF_SINGULARITY_CACHEDIR to specify a different location

executor >  local (12)
[-        ] PGS…SCCALC:DOWNLOAD_SCOREFILES | 0 of 1
[-        ] PGS…T_CHECK:COMBINE_SCOREFILES -
[-        ] PGS…MPATIBLE:PLINK2_RELABELBIM -
[ff/9cf145] PGS…R (pathways chromosome 13) | 8 of 22
[-        ] PGS…MAKE_COMPATIBLE:PLINK2_VCF -
[-        ] PGS…CCALC:MATCH:MATCH_VARIANTS -
[-        ] PGS…SCCALC:MATCH:MATCH_COMBINE -
[-        ] PGS…C:APPLY_SCORE:PLINK2_SCORE -
[-        ] PGS…PPLY_SCORE:SCORE_AGGREGATE -
[-        ] PGS…SCCALC:REPORT:SCORE_REPORT -
[-        ] PGS…CCALC:DUMPSOFTWAREVERSIONS -
Pulling Singularity image oras://ghcr.io/pgscatalog/pygscatalog:pgscatalog-utils-1.4.4-singularity [cache /projects/rpci/songyao/pnfioric/pgs_calc/work/singularity/ghcr.io-pgscatalog-pygscatalog-pgscatalog-utils-1.4.4-singularity.img]
Pulling Singularity image oras://ghcr.io/pgscatalog/plink2:2.00a5.10-singularity [cache /projects/rpci/songyao/pnfioric/pgs_calc/work/singularity/ghcr.io-pgscatalog-plink2-2.00a5.10-singularity.img]
WARN: Singularity cache directory has not been defined -- Remote image will be stored in the path: /projects/rpci/songyao/pnfioric/pgs_calc/work/singularity -- Use the environment variable NXF_SINGULARITY_CACHEDIR to specify a different location

executor >  local (12)
[-        ] PGS…SCCALC:DOWNLOAD_SCOREFILES | 0 of 1
[-        ] PGS…T_CHECK:COMBINE_SCOREFILES -
[-        ] PGS…MPATIBLE:PLINK2_RELABELBIM -
[ff/9cf145] PGS…R (pathways chromosome 13) | 8 of 22
[-        ] PGS…MAKE_COMPATIBLE:PLINK2_VCF -
[-        ] PGS…CCALC:MATCH:MATCH_VARIANTS -
[-        ] PGS…SCCALC:MATCH:MATCH_COMBINE -
[-        ] PGS…C:APPLY_SCORE:PLINK2_SCORE -
[-        ] PGS…PPLY_SCORE:SCORE_AGGREGATE -
[-        ] PGS…SCCALC:REPORT:SCORE_REPORT -
[-        ] PGS…CCALC:DUMPSOFTWAREVERSIONS -




executor >  local (13)
[-        ] PGS…SCCALC:DOWNLOAD_SCOREFILES | 0 of 1
[-        ] PGS…T_CHECK:COMBINE_SCOREFILES -
[-        ] PGS…MPATIBLE:PLINK2_RELABELBIM -
[09/1c4753] PGS…R (pathways chromosome 14) | 9 of 22
[-        ] PGS…MAKE_COMPATIBLE:PLINK2_VCF -
[-        ] PGS…CCALC:MATCH:MATCH_VARIANTS -
[-        ] PGS…SCCALC:MATCH:MATCH_COMBINE -
[-        ] PGS…C:APPLY_SCORE:PLINK2_SCORE -
[-        ] PGS…PPLY_SCORE:SCORE_AGGREGATE -
[-        ] PGS…SCCALC:REPORT:SCORE_REPORT -
[-        ] PGS…CCALC:DUMPSOFTWAREVERSIONS -




executor >  local (14)
[-        ] PGS…SCCALC:DOWNLOAD_SCOREFILES | 0 of 1
[-        ] PGS…T_CHECK:COMBINE_SCOREFILES -
[-        ] PGS…MPATIBLE:PLINK2_RELABELBIM -
[93/f0eeca] PGS…R (pathways chromosome 16) | 10 of 22
[-        ] PGS…MAKE_COMPATIBLE:PLINK2_VCF -
[-        ] PGS…CCALC:MATCH:MATCH_VARIANTS -
[-        ] PGS…SCCALC:MATCH:MATCH_COMBINE -
[-        ] PGS…C:APPLY_SCORE:PLINK2_SCORE -
[-        ] PGS…PPLY_SCORE:SCORE_AGGREGATE -
[-        ] PGS…SCCALC:REPORT:SCORE_REPORT -
[-        ] PGS…CCALC:DUMPSOFTWAREVERSIONS -

executor >  local (15)
[-        ] PGS…SCCALC:DOWNLOAD_SCOREFILES | 0 of 1
[-        ] PGS…T_CHECK:COMBINE_SCOREFILES -
[-        ] PGS…MPATIBLE:PLINK2_RELABELBIM -
[8b/6c6af6] PGS…R (pathways chromosome 15) | 11 of 22
[-        ] PGS…MAKE_COMPATIBLE:PLINK2_VCF -
[-        ] PGS…CCALC:MATCH:MATCH_VARIANTS -
[-        ] PGS…SCCALC:MATCH:MATCH_COMBINE -
[-        ] PGS…C:APPLY_SCORE:PLINK2_SCORE -
[-        ] PGS…PPLY_SCORE:SCORE_AGGREGATE -
[-        ] PGS…SCCALC:REPORT:SCORE_REPORT -
[-        ] PGS…CCALC:DUMPSOFTWAREVERSIONS -

executor >  local (16)
[-        ] PGS…SCCALC:DOWNLOAD_SCOREFILES | 0 of 1
[-        ] PGS…T_CHECK:COMBINE_SCOREFILES -
[-        ] PGS…MPATIBLE:PLINK2_RELABELBIM -
[01/fe1581] PGS…R (pathways chromosome 11) | 12 of 22
[-        ] PGS…MAKE_COMPATIBLE:PLINK2_VCF -
[-        ] PGS…CCALC:MATCH:MATCH_VARIANTS -
[-        ] PGS…SCCALC:MATCH:MATCH_COMBINE -
[-        ] PGS…C:APPLY_SCORE:PLINK2_SCORE -
[-        ] PGS…PPLY_SCORE:SCORE_AGGREGATE -
[-        ] PGS…SCCALC:REPORT:SCORE_REPORT -
[-        ] PGS…CCALC:DUMPSOFTWAREVERSIONS -

executor >  local (16)
[-        ] PGS…SCCALC:DOWNLOAD_SCOREFILES | 0 of 1
[-        ] PGS…T_CHECK:COMBINE_SCOREFILES -
[-        ] PGS…MPATIBLE:PLINK2_RELABELBIM -
[01/fe1581] PGS…R (pathways chromosome 11) | 12 of 22
[-        ] PGS…MAKE_COMPATIBLE:PLINK2_VCF -
[-        ] PGS…CCALC:MATCH:MATCH_VARIANTS -
[-        ] PGS…SCCALC:MATCH:MATCH_COMBINE -
[-        ] PGS…C:APPLY_SCORE:PLINK2_SCORE -
[-        ] PGS…PPLY_SCORE:SCORE_AGGREGATE -
[-        ] PGS…SCCALC:REPORT:SCORE_REPORT -
[-        ] PGS…CCALC:DUMPSOFTWAREVERSIONS -

executor >  local (17)
[-        ] PGS…SCCALC:DOWNLOAD_SCOREFILES | 0 of 1
[-        ] PGS…T_CHECK:COMBINE_SCOREFILES -
[-        ] PGS…MPATIBLE:PLINK2_RELABELBIM -
[9e/2cf9f6] PGS…R (pathways chromosome 20) | 13 of 22
[-        ] PGS…MAKE_COMPATIBLE:PLINK2_VCF -
[-        ] PGS…CCALC:MATCH:MATCH_VARIANTS -
[-        ] PGS…SCCALC:MATCH:MATCH_COMBINE -
[-        ] PGS…C:APPLY_SCORE:PLINK2_SCORE -
[-        ] PGS…PPLY_SCORE:SCORE_AGGREGATE -
[-        ] PGS…SCCALC:REPORT:SCORE_REPORT -
[-        ] PGS…CCALC:DUMPSOFTWAREVERSIONS -

executor >  local (18)
[-        ] PGS…SCCALC:DOWNLOAD_SCOREFILES | 0 of 1
[-        ] PGS…T_CHECK:COMBINE_SCOREFILES -
[-        ] PGS…MPATIBLE:PLINK2_RELABELBIM -
[44/79ed49] PGS…R (pathways chromosome 18) | 14 of 22
[-        ] PGS…MAKE_COMPATIBLE:PLINK2_VCF -
[-        ] PGS…CCALC:MATCH:MATCH_VARIANTS -
[-        ] PGS…SCCALC:MATCH:MATCH_COMBINE -
[-        ] PGS…C:APPLY_SCORE:PLINK2_SCORE -
[-        ] PGS…PPLY_SCORE:SCORE_AGGREGATE -
[-        ] PGS…SCCALC:REPORT:SCORE_REPORT -
[-        ] PGS…CCALC:DUMPSOFTWAREVERSIONS -

executor >  local (18)
[-        ] PGS…SCCALC:DOWNLOAD_SCOREFILES | 0 of 1
[-        ] PGS…T_CHECK:COMBINE_SCOREFILES -
[-        ] PGS…MPATIBLE:PLINK2_RELABELBIM -
[44/79ed49] PGS…R (pathways chromosome 18) | 14 of 22
[-        ] PGS…MAKE_COMPATIBLE:PLINK2_VCF -
[-        ] PGS…CCALC:MATCH:MATCH_VARIANTS -
[-        ] PGS…SCCALC:MATCH:MATCH_COMBINE -
[-        ] PGS…C:APPLY_SCORE:PLINK2_SCORE -
[-        ] PGS…PPLY_SCORE:SCORE_AGGREGATE -
[-        ] PGS…SCCALC:REPORT:SCORE_REPORT -
[-        ] PGS…CCALC:DUMPSOFTWAREVERSIONS -

executor >  local (19)
[-        ] PGS…SCCALC:DOWNLOAD_SCOREFILES | 0 of 1
[-        ] PGS…T_CHECK:COMBINE_SCOREFILES -
[-        ] PGS…MPATIBLE:PLINK2_RELABELBIM -
[91/22e15f] PGS…R (pathways chromosome 17) | 15 of 22
[-        ] PGS…MAKE_COMPATIBLE:PLINK2_VCF -
[-        ] PGS…CCALC:MATCH:MATCH_VARIANTS -
[-        ] PGS…SCCALC:MATCH:MATCH_COMBINE -
[-        ] PGS…C:APPLY_SCORE:PLINK2_SCORE -
[-        ] PGS…PPLY_SCORE:SCORE_AGGREGATE -
[-        ] PGS…SCCALC:REPORT:SCORE_REPORT -
[-        ] PGS…CCALC:DUMPSOFTWAREVERSIONS -

executor >  local (20)
[-        ] PGS…SCCALC:DOWNLOAD_SCOREFILES | 0 of 1
[-        ] PGS…T_CHECK:COMBINE_SCOREFILES -
[-        ] PGS…MPATIBLE:PLINK2_RELABELBIM -
[6b/b6b182] PGS…R (pathways chromosome 19) | 16 of 22
[-        ] PGS…MAKE_COMPATIBLE:PLINK2_VCF -
[-        ] PGS…CCALC:MATCH:MATCH_VARIANTS -
[-        ] PGS…SCCALC:MATCH:MATCH_COMBINE -
[-        ] PGS…C:APPLY_SCORE:PLINK2_SCORE -
[-        ] PGS…PPLY_SCORE:SCORE_AGGREGATE -
[-        ] PGS…SCCALC:REPORT:SCORE_REPORT -
[-        ] PGS…CCALC:DUMPSOFTWAREVERSIONS -

executor >  local (20)
[-        ] PGS…SCCALC:DOWNLOAD_SCOREFILES | 0 of 1
[-        ] PGS…T_CHECK:COMBINE_SCOREFILES -
[-        ] PGS…MPATIBLE:PLINK2_RELABELBIM -
[6b/b6b182] PGS…R (pathways chromosome 19) | 16 of 22
[-        ] PGS…MAKE_COMPATIBLE:PLINK2_VCF -
[-        ] PGS…CCALC:MATCH:MATCH_VARIANTS -
[-        ] PGS…SCCALC:MATCH:MATCH_COMBINE -
[-        ] PGS…C:APPLY_SCORE:PLINK2_SCORE -
[-        ] PGS…PPLY_SCORE:SCORE_AGGREGATE -
[-        ] PGS…SCCALC:REPORT:SCORE_REPORT -
[-        ] PGS…CCALC:DUMPSOFTWAREVERSIONS -

executor >  local (21)
[-        ] PGS…SCCALC:DOWNLOAD_SCOREFILES | 0 of 1
[-        ] PGS…T_CHECK:COMBINE_SCOREFILES -
[-        ] PGS…MPATIBLE:PLINK2_RELABELBIM -
[31/8d78df] PGS…R (pathways chromosome 21) | 17 of 22
[-        ] PGS…MAKE_COMPATIBLE:PLINK2_VCF -
[-        ] PGS…CCALC:MATCH:MATCH_VARIANTS -
[-        ] PGS…SCCALC:MATCH:MATCH_COMBINE -
[-        ] PGS…C:APPLY_SCORE:PLINK2_SCORE -
[-        ] PGS…PPLY_SCORE:SCORE_AGGREGATE -
[-        ] PGS…SCCALC:REPORT:SCORE_REPORT -
[-        ] PGS…CCALC:DUMPSOFTWAREVERSIONS -

executor >  local (22)
[-        ] PGS…SCCALC:DOWNLOAD_SCOREFILES | 0 of 1
[-        ] PGS…T_CHECK:COMBINE_SCOREFILES -
[-        ] PGS…MPATIBLE:PLINK2_RELABELBIM -
[60/37ef7c] PGS…R (pathways chromosome 22) | 18 of 22
[-        ] PGS…MAKE_COMPATIBLE:PLINK2_VCF -
[-        ] PGS…CCALC:MATCH:MATCH_VARIANTS -
[-        ] PGS…SCCALC:MATCH:MATCH_COMBINE -
[-        ] PGS…C:APPLY_SCORE:PLINK2_SCORE -
[-        ] PGS…PPLY_SCORE:SCORE_AGGREGATE -
[-        ] PGS…SCCALC:REPORT:SCORE_REPORT -
[-        ] PGS…CCALC:DUMPSOFTWAREVERSIONS -

executor >  local (23)
[e9/d2fb25] PGS…216, pgp_id:, trait_efo:]) | 0 of 1
[-        ] PGS…T_CHECK:COMBINE_SCOREFILES -
[-        ] PGS…MPATIBLE:PLINK2_RELABELBIM -
[91/22e15f] PGS…R (pathways chromosome 17) | 19 of 22
[-        ] PGS…MAKE_COMPATIBLE:PLINK2_VCF -
[-        ] PGS…CCALC:MATCH:MATCH_VARIANTS -
[-        ] PGS…SCCALC:MATCH:MATCH_COMBINE -
[-        ] PGS…C:APPLY_SCORE:PLINK2_SCORE -
[-        ] PGS…PPLY_SCORE:SCORE_AGGREGATE -
[-        ] PGS…SCCALC:REPORT:SCORE_REPORT -
[-        ] PGS…CCALC:DUMPSOFTWAREVERSIONS -

executor >  local (23)
[e9/d2fb25] PGS…216, pgp_id:, trait_efo:]) | 0 of 1
[-        ] PGS…T_CHECK:COMBINE_SCOREFILES -
[-        ] PGS…MPATIBLE:PLINK2_RELABELBIM -
[91/22e15f] PGS…R (pathways chromosome 17) | 19 of 22
[-        ] PGS…MAKE_COMPATIBLE:PLINK2_VCF -
[-        ] PGS…CCALC:MATCH:MATCH_VARIANTS -
[-        ] PGS…SCCALC:MATCH:MATCH_COMBINE -
[-        ] PGS…C:APPLY_SCORE:PLINK2_SCORE -
[-        ] PGS…PPLY_SCORE:SCORE_AGGREGATE -
[-        ] PGS…SCCALC:REPORT:SCORE_REPORT -
[-        ] PGS…CCALC:DUMPSOFTWAREVERSIONS -

executor >  local (23)
[e9/d2fb25] PGS…216, pgp_id:, trait_efo:]) | 0 of 1
[-        ] PGS…T_CHECK:COMBINE_SCOREFILES -
[-        ] PGS…MPATIBLE:PLINK2_RELABELBIM -
[6b/b6b182] PGS…R (pathways chromosome 19) | 21 of 22
[-        ] PGS…MAKE_COMPATIBLE:PLINK2_VCF -
[-        ] PGS…CCALC:MATCH:MATCH_VARIANTS -
[-        ] PGS…SCCALC:MATCH:MATCH_COMBINE -
[-        ] PGS…C:APPLY_SCORE:PLINK2_SCORE -
[-        ] PGS…PPLY_SCORE:SCORE_AGGREGATE -
[-        ] PGS…SCCALC:REPORT:SCORE_REPORT -
[-        ] PGS…CCALC:DUMPSOFTWAREVERSIONS -

executor >  local (23)
[e9/d2fb25] PGS…216, pgp_id:, trait_efo:]) | 0 of 1
[-        ] PGS…T_CHECK:COMBINE_SCOREFILES -
[-        ] PGS…MPATIBLE:PLINK2_RELABELBIM -
[60/37ef7c] PGS…R (pathways chromosome 22) | 22 of 22 ✔
[-        ] PGS…MAKE_COMPATIBLE:PLINK2_VCF -
[-        ] PGS…CCALC:MATCH:MATCH_VARIANTS -
[-        ] PGS…SCCALC:MATCH:MATCH_COMBINE -
[-        ] PGS…C:APPLY_SCORE:PLINK2_SCORE -
[-        ] PGS…PPLY_SCORE:SCORE_AGGREGATE -
[-        ] PGS…SCCALC:REPORT:SCORE_REPORT -
[-        ] PGS…CCALC:DUMPSOFTWAREVERSIONS -

executor >  local (24)
[e9/d2fb25] PGS…216, pgp_id:, trait_efo:]) | 1 of 1 ✔
[54/c53df0] PGS…ECK:COMBINE_SCOREFILES (1) | 0 of 1
[-        ] PGS…MPATIBLE:PLINK2_RELABELBIM -
[60/37ef7c] PGS…R (pathways chromosome 22) | 22 of 22 ✔
[-        ] PGS…MAKE_COMPATIBLE:PLINK2_VCF -
[-        ] PGS…CCALC:MATCH:MATCH_VARIANTS -
[-        ] PGS…SCCALC:MATCH:MATCH_COMBINE -
[-        ] PGS…C:APPLY_SCORE:PLINK2_SCORE -
[-        ] PGS…PPLY_SCORE:SCORE_AGGREGATE -
[-        ] PGS…SCCALC:REPORT:SCORE_REPORT -
[-        ] PGS…CCALC:DUMPSOFTWAREVERSIONS -

executor >  local (24)
[e9/d2fb25] PGS…216, pgp_id:, trait_efo:]) | 1 of 1 ✔
[54/c53df0] PGS…ECK:COMBINE_SCOREFILES (1) | 0 of 1
[-        ] PGS…MPATIBLE:PLINK2_RELABELBIM -
[60/37ef7c] PGS…R (pathways chromosome 22) | 22 of 22 ✔
[-        ] PGS…MAKE_COMPATIBLE:PLINK2_VCF -
[-        ] PGS…CCALC:MATCH:MATCH_VARIANTS -
[-        ] PGS…SCCALC:MATCH:MATCH_COMBINE -
[-        ] PGS…C:APPLY_SCORE:PLINK2_SCORE -
[-        ] PGS…PPLY_SCORE:SCORE_AGGREGATE -
[-        ] PGS…SCCALC:REPORT:SCORE_REPORT -
[-        ] PGS…CCALC:DUMPSOFTWAREVERSIONS -

executor >  local (27)
[e9/d2fb25] PGS…216, pgp_id:, trait_efo:]) | 1 of 1 ✔
[54/c53df0] PGS…ECK:COMBINE_SCOREFILES (1) | 1 of 1 ✔
[-        ] PGS…MPATIBLE:PLINK2_RELABELBIM -
[60/37ef7c] PGS…R (pathways chromosome 22) | 22 of 22 ✔
[-        ] PGS…MAKE_COMPATIBLE:PLINK2_VCF -
[de/f03ede] PGS…TS (pathways chromosome 8) | 0 of 20
[-        ] PGS…SCCALC:MATCH:MATCH_COMBINE -
[-        ] PGS…C:APPLY_SCORE:PLINK2_SCORE -
[-        ] PGS…PPLY_SCORE:SCORE_AGGREGATE -
[-        ] PGS…SCCALC:REPORT:SCORE_REPORT -
[-        ] PGS…CCALC:DUMPSOFTWAREVERSIONS -

executor >  local (28)
[e9/d2fb25] PGS…216, pgp_id:, trait_efo:]) | 1 of 1 ✔
[54/c53df0] PGS…ECK:COMBINE_SCOREFILES (1) | 1 of 1 ✔
[-        ] PGS…MPATIBLE:PLINK2_RELABELBIM -
[60/37ef7c] PGS…R (pathways chromosome 22) | 22 of 22 ✔
[-        ] PGS…MAKE_COMPATIBLE:PLINK2_VCF -
[8d/f7e09b] PGS…TS (pathways chromosome 2) | 0 of 22
[-        ] PGS…SCCALC:MATCH:MATCH_COMBINE -
[-        ] PGS…C:APPLY_SCORE:PLINK2_SCORE -
[-        ] PGS…PPLY_SCORE:SCORE_AGGREGATE -
[-        ] PGS…SCCALC:REPORT:SCORE_REPORT -
[-        ] PGS…CCALC:DUMPSOFTWAREVERSIONS -

executor >  local (29)
[e9/d2fb25] PGS…216, pgp_id:, trait_efo:]) | 1 of 1 ✔
[54/c53df0] PGS…ECK:COMBINE_SCOREFILES (1) | 1 of 1 ✔
[-        ] PGS…MPATIBLE:PLINK2_RELABELBIM -
[60/37ef7c] PGS…R (pathways chromosome 22) | 22 of 22 ✔
[-        ] PGS…MAKE_COMPATIBLE:PLINK2_VCF -
[de/f03ede] PGS…TS (pathways chromosome 8) | 1 of 22
[-        ] PGS…SCCALC:MATCH:MATCH_COMBINE -
[-        ] PGS…C:APPLY_SCORE:PLINK2_SCORE -
[-        ] PGS…PPLY_SCORE:SCORE_AGGREGATE -
[-        ] PGS…SCCALC:REPORT:SCORE_REPORT -
[-        ] PGS…CCALC:DUMPSOFTWAREVERSIONS -

executor >  local (29)
[e9/d2fb25] PGS…216, pgp_id:, trait_efo:]) | 1 of 1 ✔
[54/c53df0] PGS…ECK:COMBINE_SCOREFILES (1) | 1 of 1 ✔
[-        ] PGS…MPATIBLE:PLINK2_RELABELBIM -
[60/37ef7c] PGS…R (pathways chromosome 22) | 22 of 22 ✔
[-        ] PGS…MAKE_COMPATIBLE:PLINK2_VCF -
[de/f03ede] PGS…TS (pathways chromosome 8) | 1 of 22
[-        ] PGS…SCCALC:MATCH:MATCH_COMBINE -
[-        ] PGS…C:APPLY_SCORE:PLINK2_SCORE -
[-        ] PGS…PPLY_SCORE:SCORE_AGGREGATE -
[-        ] PGS…SCCALC:REPORT:SCORE_REPORT -
[-        ] PGS…CCALC:DUMPSOFTWAREVERSIONS -

executor >  local (30)
[e9/d2fb25] PGS…216, pgp_id:, trait_efo:]) | 1 of 1 ✔
[54/c53df0] PGS…ECK:COMBINE_SCOREFILES (1) | 1 of 1 ✔
[-        ] PGS…MPATIBLE:PLINK2_RELABELBIM -
[60/37ef7c] PGS…R (pathways chromosome 22) | 22 of 22 ✔
[-        ] PGS…MAKE_COMPATIBLE:PLINK2_VCF -
[70/379c51] PGS…TS (pathways chromosome 5) | 2 of 22
[-        ] PGS…SCCALC:MATCH:MATCH_COMBINE -
[-        ] PGS…C:APPLY_SCORE:PLINK2_SCORE -
[-        ] PGS…PPLY_SCORE:SCORE_AGGREGATE -
[-        ] PGS…SCCALC:REPORT:SCORE_REPORT -
[-        ] PGS…CCALC:DUMPSOFTWAREVERSIONS -

executor >  local (31)
[e9/d2fb25] PGS…216, pgp_id:, trait_efo:]) | 1 of 1 ✔
[54/c53df0] PGS…ECK:COMBINE_SCOREFILES (1) | 1 of 1 ✔
[-        ] PGS…MPATIBLE:PLINK2_RELABELBIM -
[60/37ef7c] PGS…R (pathways chromosome 22) | 22 of 22 ✔
[-        ] PGS…MAKE_COMPATIBLE:PLINK2_VCF -
[24/15cac7] PGS…TS (pathways chromosome 6) | 3 of 22
[-        ] PGS…SCCALC:MATCH:MATCH_COMBINE -
[-        ] PGS…C:APPLY_SCORE:PLINK2_SCORE -
[-        ] PGS…PPLY_SCORE:SCORE_AGGREGATE -
[-        ] PGS…SCCALC:REPORT:SCORE_REPORT -
[-        ] PGS…CCALC:DUMPSOFTWAREVERSIONS -

executor >  local (32)
[e9/d2fb25] PGS…216, pgp_id:, trait_efo:]) | 1 of 1 ✔
[54/c53df0] PGS…ECK:COMBINE_SCOREFILES (1) | 1 of 1 ✔
[-        ] PGS…MPATIBLE:PLINK2_RELABELBIM -
[60/37ef7c] PGS…R (pathways chromosome 22) | 22 of 22 ✔
[-        ] PGS…MAKE_COMPATIBLE:PLINK2_VCF -
[7e/78d314] PGS…TS (pathways chromosome 7) | 4 of 22
[-        ] PGS…SCCALC:MATCH:MATCH_COMBINE -
[-        ] PGS…C:APPLY_SCORE:PLINK2_SCORE -
[-        ] PGS…PPLY_SCORE:SCORE_AGGREGATE -
[-        ] PGS…SCCALC:REPORT:SCORE_REPORT -
[-        ] PGS…CCALC:DUMPSOFTWAREVERSIONS -

executor >  local (32)
[e9/d2fb25] PGS…216, pgp_id:, trait_efo:]) | 1 of 1 ✔
[54/c53df0] PGS…ECK:COMBINE_SCOREFILES (1) | 1 of 1 ✔
[-        ] PGS…MPATIBLE:PLINK2_RELABELBIM -
[60/37ef7c] PGS…R (pathways chromosome 22) | 22 of 22 ✔
[-        ] PGS…MAKE_COMPATIBLE:PLINK2_VCF -
[7e/78d314] PGS…TS (pathways chromosome 7) | 4 of 22
[-        ] PGS…SCCALC:MATCH:MATCH_COMBINE -
[-        ] PGS…C:APPLY_SCORE:PLINK2_SCORE -
[-        ] PGS…PPLY_SCORE:SCORE_AGGREGATE -
[-        ] PGS…SCCALC:REPORT:SCORE_REPORT -
[-        ] PGS…CCALC:DUMPSOFTWAREVERSIONS -

executor >  local (33)
[e9/d2fb25] PGS…216, pgp_id:, trait_efo:]) | 1 of 1 ✔
[54/c53df0] PGS…ECK:COMBINE_SCOREFILES (1) | 1 of 1 ✔
[-        ] PGS…MPATIBLE:PLINK2_RELABELBIM -
[60/37ef7c] PGS…R (pathways chromosome 22) | 22 of 22 ✔
[-        ] PGS…MAKE_COMPATIBLE:PLINK2_VCF -
[86/0adae6] PGS…S (pathways chromosome 10) | 5 of 22
[-        ] PGS…SCCALC:MATCH:MATCH_COMBINE -
[-        ] PGS…C:APPLY_SCORE:PLINK2_SCORE -
[-        ] PGS…PPLY_SCORE:SCORE_AGGREGATE -
[-        ] PGS…SCCALC:REPORT:SCORE_REPORT -
[-        ] PGS…CCALC:DUMPSOFTWAREVERSIONS -

executor >  local (34)
[e9/d2fb25] PGS…216, pgp_id:, trait_efo:]) | 1 of 1 ✔
[54/c53df0] PGS…ECK:COMBINE_SCOREFILES (1) | 1 of 1 ✔
[-        ] PGS…MPATIBLE:PLINK2_RELABELBIM -
[60/37ef7c] PGS…R (pathways chromosome 22) | 22 of 22 ✔
[-        ] PGS…MAKE_COMPATIBLE:PLINK2_VCF -
[f5/607a6a] PGS…S (pathways chromosome 20) | 7 of 22
[-        ] PGS…SCCALC:MATCH:MATCH_COMBINE -
[-        ] PGS…C:APPLY_SCORE:PLINK2_SCORE -
[-        ] PGS…PPLY_SCORE:SCORE_AGGREGATE -
[-        ] PGS…SCCALC:REPORT:SCORE_REPORT -
[-        ] PGS…CCALC:DUMPSOFTWAREVERSIONS -

executor >  local (36)
[e9/d2fb25] PGS…216, pgp_id:, trait_efo:]) | 1 of 1 ✔
[54/c53df0] PGS…ECK:COMBINE_SCOREFILES (1) | 1 of 1 ✔
[-        ] PGS…MPATIBLE:PLINK2_RELABELBIM -
[60/37ef7c] PGS…R (pathways chromosome 22) | 22 of 22 ✔
[-        ] PGS…MAKE_COMPATIBLE:PLINK2_VCF -
[72/a27d93] PGS…TS (pathways chromosome 9) | 8 of 22
[-        ] PGS…SCCALC:MATCH:MATCH_COMBINE -
[-        ] PGS…C:APPLY_SCORE:PLINK2_SCORE -
[-        ] PGS…PPLY_SCORE:SCORE_AGGREGATE -
[-        ] PGS…SCCALC:REPORT:SCORE_REPORT -
[-        ] PGS…CCALC:DUMPSOFTWAREVERSIONS -

executor >  local (37)
[e9/d2fb25] PGS…216, pgp_id:, trait_efo:]) | 1 of 1 ✔
[54/c53df0] PGS…ECK:COMBINE_SCOREFILES (1) | 1 of 1 ✔
[-        ] PGS…MPATIBLE:PLINK2_RELABELBIM -
[60/37ef7c] PGS…R (pathways chromosome 22) | 22 of 22 ✔
[-        ] PGS…MAKE_COMPATIBLE:PLINK2_VCF -
[2c/dff858] PGS…S (pathways chromosome 13) | 9 of 22
[-        ] PGS…SCCALC:MATCH:MATCH_COMBINE -
[-        ] PGS…C:APPLY_SCORE:PLINK2_SCORE -
[-        ] PGS…PPLY_SCORE:SCORE_AGGREGATE -
[-        ] PGS…SCCALC:REPORT:SCORE_REPORT -
[-        ] PGS…CCALC:DUMPSOFTWAREVERSIONS -

executor >  local (38)
[e9/d2fb25] PGS…216, pgp_id:, trait_efo:]) | 1 of 1 ✔
[54/c53df0] PGS…ECK:COMBINE_SCOREFILES (1) | 1 of 1 ✔
[-        ] PGS…MPATIBLE:PLINK2_RELABELBIM -
[60/37ef7c] PGS…R (pathways chromosome 22) | 22 of 22 ✔
[-        ] PGS…MAKE_COMPATIBLE:PLINK2_VCF -
[55/bc0f6c] PGS…S (pathways chromosome 14) | 10 of 22
[-        ] PGS…SCCALC:MATCH:MATCH_COMBINE -
[-        ] PGS…C:APPLY_SCORE:PLINK2_SCORE -
[-        ] PGS…PPLY_SCORE:SCORE_AGGREGATE -
[-        ] PGS…SCCALC:REPORT:SCORE_REPORT -
[-        ] PGS…CCALC:DUMPSOFTWAREVERSIONS -

executor >  local (38)
[e9/d2fb25] PGS…216, pgp_id:, trait_efo:]) | 1 of 1 ✔
[54/c53df0] PGS…ECK:COMBINE_SCOREFILES (1) | 1 of 1 ✔
[-        ] PGS…MPATIBLE:PLINK2_RELABELBIM -
[60/37ef7c] PGS…R (pathways chromosome 22) | 22 of 22 ✔
[-        ] PGS…MAKE_COMPATIBLE:PLINK2_VCF -
[55/bc0f6c] PGS…S (pathways chromosome 14) | 10 of 22
[-        ] PGS…SCCALC:MATCH:MATCH_COMBINE -
[-        ] PGS…C:APPLY_SCORE:PLINK2_SCORE -
[-        ] PGS…PPLY_SCORE:SCORE_AGGREGATE -
[-        ] PGS…SCCALC:REPORT:SCORE_REPORT -
[-        ] PGS…CCALC:DUMPSOFTWAREVERSIONS -

executor >  local (39)
[e9/d2fb25] PGS…216, pgp_id:, trait_efo:]) | 1 of 1 ✔
[54/c53df0] PGS…ECK:COMBINE_SCOREFILES (1) | 1 of 1 ✔
[-        ] PGS…MPATIBLE:PLINK2_RELABELBIM -
[60/37ef7c] PGS…R (pathways chromosome 22) | 22 of 22 ✔
[-        ] PGS…MAKE_COMPATIBLE:PLINK2_VCF -
[08/e674bc] PGS…S (pathways chromosome 12) | 11 of 22
[-        ] PGS…SCCALC:MATCH:MATCH_COMBINE -
[-        ] PGS…C:APPLY_SCORE:PLINK2_SCORE -
[-        ] PGS…PPLY_SCORE:SCORE_AGGREGATE -
[-        ] PGS…SCCALC:REPORT:SCORE_REPORT -
[-        ] PGS…CCALC:DUMPSOFTWAREVERSIONS -

executor >  local (39)
[e9/d2fb25] PGS…216, pgp_id:, trait_efo:]) | 1 of 1 ✔
[54/c53df0] PGS…ECK:COMBINE_SCOREFILES (1) | 1 of 1 ✔
[-        ] PGS…MPATIBLE:PLINK2_RELABELBIM -
[60/37ef7c] PGS…R (pathways chromosome 22) | 22 of 22 ✔
[-        ] PGS…MAKE_COMPATIBLE:PLINK2_VCF -
[08/e674bc] PGS…S (pathways chromosome 12) | 11 of 22
[-        ] PGS…SCCALC:MATCH:MATCH_COMBINE -
[-        ] PGS…C:APPLY_SCORE:PLINK2_SCORE -
[-        ] PGS…PPLY_SCORE:SCORE_AGGREGATE -
[-        ] PGS…SCCALC:REPORT:SCORE_REPORT -
[-        ] PGS…CCALC:DUMPSOFTWAREVERSIONS -

executor >  local (40)
[e9/d2fb25] PGS…216, pgp_id:, trait_efo:]) | 1 of 1 ✔
[54/c53df0] PGS…ECK:COMBINE_SCOREFILES (1) | 1 of 1 ✔
[-        ] PGS…MPATIBLE:PLINK2_RELABELBIM -
[60/37ef7c] PGS…R (pathways chromosome 22) | 22 of 22 ✔
[-        ] PGS…MAKE_COMPATIBLE:PLINK2_VCF -
[c3/9f80eb] PGS…S (pathways chromosome 16) | 12 of 22
[-        ] PGS…SCCALC:MATCH:MATCH_COMBINE -
[-        ] PGS…C:APPLY_SCORE:PLINK2_SCORE -
[-        ] PGS…PPLY_SCORE:SCORE_AGGREGATE -
[-        ] PGS…SCCALC:REPORT:SCORE_REPORT -
[-        ] PGS…CCALC:DUMPSOFTWAREVERSIONS -

executor >  local (40)
[e9/d2fb25] PGS…216, pgp_id:, trait_efo:]) | 1 of 1 ✔
[54/c53df0] PGS…ECK:COMBINE_SCOREFILES (1) | 1 of 1 ✔
[-        ] PGS…MPATIBLE:PLINK2_RELABELBIM -
[60/37ef7c] PGS…R (pathways chromosome 22) | 22 of 22 ✔
[-        ] PGS…MAKE_COMPATIBLE:PLINK2_VCF -
[c3/9f80eb] PGS…S (pathways chromosome 16) | 12 of 22
[-        ] PGS…SCCALC:MATCH:MATCH_COMBINE -
[-        ] PGS…C:APPLY_SCORE:PLINK2_SCORE -
[-        ] PGS…PPLY_SCORE:SCORE_AGGREGATE -
[-        ] PGS…SCCALC:REPORT:SCORE_REPORT -
[-        ] PGS…CCALC:DUMPSOFTWAREVERSIONS -

executor >  local (41)
[e9/d2fb25] PGS…216, pgp_id:, trait_efo:]) | 1 of 1 ✔
[54/c53df0] PGS…ECK:COMBINE_SCOREFILES (1) | 1 of 1 ✔
[-        ] PGS…MPATIBLE:PLINK2_RELABELBIM -
[60/37ef7c] PGS…R (pathways chromosome 22) | 22 of 22 ✔
[-        ] PGS…MAKE_COMPATIBLE:PLINK2_VCF -
[5a/d190fb] PGS…S (pathways chromosome 17) | 13 of 22
[-        ] PGS…SCCALC:MATCH:MATCH_COMBINE -
[-        ] PGS…C:APPLY_SCORE:PLINK2_SCORE -
[-        ] PGS…PPLY_SCORE:SCORE_AGGREGATE -
[-        ] PGS…SCCALC:REPORT:SCORE_REPORT -
[-        ] PGS…CCALC:DUMPSOFTWAREVERSIONS -

executor >  local (42)
[e9/d2fb25] PGS…216, pgp_id:, trait_efo:]) | 1 of 1 ✔
[54/c53df0] PGS…ECK:COMBINE_SCOREFILES (1) | 1 of 1 ✔
[-        ] PGS…MPATIBLE:PLINK2_RELABELBIM -
[60/37ef7c] PGS…R (pathways chromosome 22) | 22 of 22 ✔
[-        ] PGS…MAKE_COMPATIBLE:PLINK2_VCF -
[56/7aa1d6] PGS…S (pathways chromosome 21) | 14 of 22
[-        ] PGS…SCCALC:MATCH:MATCH_COMBINE -
[-        ] PGS…C:APPLY_SCORE:PLINK2_SCORE -
[-        ] PGS…PPLY_SCORE:SCORE_AGGREGATE -
[-        ] PGS…SCCALC:REPORT:SCORE_REPORT -
[-        ] PGS…CCALC:DUMPSOFTWAREVERSIONS -

executor >  local (43)
[e9/d2fb25] PGS…216, pgp_id:, trait_efo:]) | 1 of 1 ✔
[54/c53df0] PGS…ECK:COMBINE_SCOREFILES (1) | 1 of 1 ✔
[-        ] PGS…MPATIBLE:PLINK2_RELABELBIM -
[60/37ef7c] PGS…R (pathways chromosome 22) | 22 of 22 ✔
[-        ] PGS…MAKE_COMPATIBLE:PLINK2_VCF -
[d2/d5b320] PGS…S (pathways chromosome 11) | 15 of 22
[-        ] PGS…SCCALC:MATCH:MATCH_COMBINE -
[-        ] PGS…C:APPLY_SCORE:PLINK2_SCORE -
[-        ] PGS…PPLY_SCORE:SCORE_AGGREGATE -
[-        ] PGS…SCCALC:REPORT:SCORE_REPORT -
[-        ] PGS…CCALC:DUMPSOFTWAREVERSIONS -

executor >  local (44)
[e9/d2fb25] PGS…216, pgp_id:, trait_efo:]) | 1 of 1 ✔
[54/c53df0] PGS…ECK:COMBINE_SCOREFILES (1) | 1 of 1 ✔
[-        ] PGS…MPATIBLE:PLINK2_RELABELBIM -
[60/37ef7c] PGS…R (pathways chromosome 22) | 22 of 22 ✔
[-        ] PGS…MAKE_COMPATIBLE:PLINK2_VCF -
[da/7bafa3] PGS…S (pathways chromosome 18) | 16 of 22
[-        ] PGS…SCCALC:MATCH:MATCH_COMBINE -
[-        ] PGS…C:APPLY_SCORE:PLINK2_SCORE -
[-        ] PGS…PPLY_SCORE:SCORE_AGGREGATE -
[-        ] PGS…SCCALC:REPORT:SCORE_REPORT -
[-        ] PGS…CCALC:DUMPSOFTWAREVERSIONS -

executor >  local (45)
[e9/d2fb25] PGS…216, pgp_id:, trait_efo:]) | 1 of 1 ✔
[54/c53df0] PGS…ECK:COMBINE_SCOREFILES (1) | 1 of 1 ✔
[-        ] PGS…MPATIBLE:PLINK2_RELABELBIM -
[60/37ef7c] PGS…R (pathways chromosome 22) | 22 of 22 ✔
[-        ] PGS…MAKE_COMPATIBLE:PLINK2_VCF -
[f8/9fe4db] PGS…S (pathways chromosome 19) | 17 of 22
[-        ] PGS…SCCALC:MATCH:MATCH_COMBINE -
[-        ] PGS…C:APPLY_SCORE:PLINK2_SCORE -
[-        ] PGS…PPLY_SCORE:SCORE_AGGREGATE -
[-        ] PGS…SCCALC:REPORT:SCORE_REPORT -
[-        ] PGS…CCALC:DUMPSOFTWAREVERSIONS -

executor >  local (46)
[e9/d2fb25] PGS…216, pgp_id:, trait_efo:]) | 1 of 1 ✔
[54/c53df0] PGS…ECK:COMBINE_SCOREFILES (1) | 1 of 1 ✔
[-        ] PGS…MPATIBLE:PLINK2_RELABELBIM -
[60/37ef7c] PGS…R (pathways chromosome 22) | 22 of 22 ✔
[-        ] PGS…MAKE_COMPATIBLE:PLINK2_VCF -
[56/63e8c5] PGS…S (pathways chromosome 22) | 18 of 22
[-        ] PGS…SCCALC:MATCH:MATCH_COMBINE -
[-        ] PGS…C:APPLY_SCORE:PLINK2_SCORE -
[-        ] PGS…PPLY_SCORE:SCORE_AGGREGATE -
[-        ] PGS…SCCALC:REPORT:SCORE_REPORT -
[-        ] PGS…CCALC:DUMPSOFTWAREVERSIONS -

executor >  local (46)
[e9/d2fb25] PGS…216, pgp_id:, trait_efo:]) | 1 of 1 ✔
[54/c53df0] PGS…ECK:COMBINE_SCOREFILES (1) | 1 of 1 ✔
[-        ] PGS…MPATIBLE:PLINK2_RELABELBIM -
[60/37ef7c] PGS…R (pathways chromosome 22) | 22 of 22 ✔
[-        ] PGS…MAKE_COMPATIBLE:PLINK2_VCF -
[56/63e8c5] PGS…S (pathways chromosome 22) | 18 of 22
[-        ] PGS…SCCALC:MATCH:MATCH_COMBINE -
[-        ] PGS…C:APPLY_SCORE:PLINK2_SCORE -
[-        ] PGS…PPLY_SCORE:SCORE_AGGREGATE -
[-        ] PGS…SCCALC:REPORT:SCORE_REPORT -
[-        ] PGS…CCALC:DUMPSOFTWAREVERSIONS -

executor >  local (46)
[e9/d2fb25] PGS…216, pgp_id:, trait_efo:]) | 1 of 1 ✔
[54/c53df0] PGS…ECK:COMBINE_SCOREFILES (1) | 1 of 1 ✔
[-        ] PGS…MPATIBLE:PLINK2_RELABELBIM -
[60/37ef7c] PGS…R (pathways chromosome 22) | 22 of 22 ✔
[-        ] PGS…MAKE_COMPATIBLE:PLINK2_VCF -
[da/7bafa3] PGS…S (pathways chromosome 18) | 19 of 22
[-        ] PGS…SCCALC:MATCH:MATCH_COMBINE -
[-        ] PGS…C:APPLY_SCORE:PLINK2_SCORE -
[-        ] PGS…PPLY_SCORE:SCORE_AGGREGATE -
[-        ] PGS…SCCALC:REPORT:SCORE_REPORT -
[-        ] PGS…CCALC:DUMPSOFTWAREVERSIONS -

executor >  local (46)
[e9/d2fb25] PGS…216, pgp_id:, trait_efo:]) | 1 of 1 ✔
[54/c53df0] PGS…ECK:COMBINE_SCOREFILES (1) | 1 of 1 ✔
[-        ] PGS…MPATIBLE:PLINK2_RELABELBIM -
[60/37ef7c] PGS…R (pathways chromosome 22) | 22 of 22 ✔
[-        ] PGS…MAKE_COMPATIBLE:PLINK2_VCF -
[d2/d5b320] PGS…S (pathways chromosome 11) | 20 of 22
[-        ] PGS…SCCALC:MATCH:MATCH_COMBINE -
[-        ] PGS…C:APPLY_SCORE:PLINK2_SCORE -
[-        ] PGS…PPLY_SCORE:SCORE_AGGREGATE -
[-        ] PGS…SCCALC:REPORT:SCORE_REPORT -
[-        ] PGS…CCALC:DUMPSOFTWAREVERSIONS -

executor >  local (46)
[e9/d2fb25] PGS…216, pgp_id:, trait_efo:]) | 1 of 1 ✔
[54/c53df0] PGS…ECK:COMBINE_SCOREFILES (1) | 1 of 1 ✔
[-        ] PGS…MPATIBLE:PLINK2_RELABELBIM -
[60/37ef7c] PGS…R (pathways chromosome 22) | 22 of 22 ✔
[-        ] PGS…MAKE_COMPATIBLE:PLINK2_VCF -
[56/63e8c5] PGS…S (pathways chromosome 22) | 22 of 22 ✔
[-        ] PGS…SCCALC:MATCH:MATCH_COMBINE | 0 of 1
[-        ] PGS…C:APPLY_SCORE:PLINK2_SCORE -
[-        ] PGS…PPLY_SCORE:SCORE_AGGREGATE -
[-        ] PGS…SCCALC:REPORT:SCORE_REPORT -
[-        ] PGS…CCALC:DUMPSOFTWAREVERSIONS -

executor >  local (47)
[e9/d2fb25] PGS…216, pgp_id:, trait_efo:]) | 1 of 1 ✔
[54/c53df0] PGS…ECK:COMBINE_SCOREFILES (1) | 1 of 1 ✔
[-        ] PGS…MPATIBLE:PLINK2_RELABELBIM -
[60/37ef7c] PGS…R (pathways chromosome 22) | 22 of 22 ✔
[-        ] PGS…MAKE_COMPATIBLE:PLINK2_VCF -
[56/63e8c5] PGS…S (pathways chromosome 22) | 22 of 22 ✔
[71/e7f756] PGS…H:MATCH_COMBINE (pathways) | 0 of 1
[-        ] PGS…C:APPLY_SCORE:PLINK2_SCORE -
[-        ] PGS…PPLY_SCORE:SCORE_AGGREGATE -
[-        ] PGS…SCCALC:REPORT:SCORE_REPORT -
[-        ] PGS…CCALC:DUMPSOFTWAREVERSIONS -

executor >  local (47)
[e9/d2fb25] PGS…216, pgp_id:, trait_efo:]) | 1 of 1 ✔
[54/c53df0] PGS…ECK:COMBINE_SCOREFILES (1) | 1 of 1 ✔
[-        ] PGS…MPATIBLE:PLINK2_RELABELBIM -
[60/37ef7c] PGS…R (pathways chromosome 22) | 22 of 22 ✔
[-        ] PGS…MAKE_COMPATIBLE:PLINK2_VCF -
[56/63e8c5] PGS…S (pathways chromosome 22) | 22 of 22 ✔
[71/e7f756] PGS…H:MATCH_COMBINE (pathways) | 0 of 1
[-        ] PGS…C:APPLY_SCORE:PLINK2_SCORE -
[-        ] PGS…PPLY_SCORE:SCORE_AGGREGATE -
[-        ] PGS…SCCALC:REPORT:SCORE_REPORT -
[-        ] PGS…CCALC:DUMPSOFTWAREVERSIONS -
ERROR ~ Error executing process > 'PGSCATALOG_PGSCCALC:PGSCCALC:MATCH:MATCH_COMBINE (pathways)'

Caused by:
  Process `PGSCATALOG_PGSCCALC:PGSCCALC:MATCH:MATCH_COMBINE (pathways)` terminated with an error exit status (15)


Command executed:

  export POLARS_MAX_THREADS=2
  
  pgscatalog-matchmerge                          --dataset pathways             --scorefile scorefiles.txt.gz             --matches *.ipc.zst             --min_overlap 0.75                                       --outdir $PWD             --split                          -v
  
  cat <<-END_VERSIONS > versions.yml
  MATCH_COMBINE:
      pgscatalog.match: $(echo $(python -c 'import pgscatalog.match; print(pgscatalog.match.__version__)'))
  END_VERSIONS

Command exit status:
  15

Command output:
  (empty)

Command error:
  pgscatalog.match.lib._match.label: 2025-11-14 09:53:03 DEBUG    Labelling best match type (refalt > altref > ...)
  pgscatalog.match.lib._match.label: 2025-11-14 09:53:03 DEBUG    Labelling duplicated best match: keeping first instance as best_match = True
  pgscatalog.match.lib._match.label: 2025-11-14 09:53:03 DEBUG    Labelling multiple scoring file lines (accession/row_nr) that best_match to the same variant
  pgscatalog.match.lib._match.label: 2025-11-14 09:53:03 DEBUG    Labelling all duplicates with exclude flag
  pgscatalog.match.lib._match.label: 2025-11-14 09:53:03 DEBUG    Labelling ambiguous variants
  pgscatalog.match.lib._match.preprocess: 2025-11-14 09:53:03 DEBUG    Complementing column REF
  pgscatalog.match.lib._match.label: 2025-11-14 09:53:03 DEBUG    Labelling ambiguous variants with exclude flag
  pgscatalog.match.lib._match.label: 2025-11-14 09:53:03 DEBUG    Labelling multiallelic matches with exclude flag
  pgscatalog.match.lib._match.label: 2025-11-14 09:53:03 DEBUG    Not excluding flipped matches
  pgscatalog.match.lib._match.label: 2025-11-14 09:53:03 INFO     --filter_IDs not set, skipping filtering
  pgscatalog.match.lib._match.filter: 2025-11-14 09:53:03 DEBUG    Filtering to best_match variants (with exclude flag = False)
  pgscatalog.match.lib._match.filter: 2025-11-14 09:53:03 DEBUG    Calculating overlap between target genome and scoring file
  pgscatalog.match.lib._match.filter: 2025-11-14 09:53:03 ERROR    Score PGS000215_hmPOS_GRCh37 fails minimum matching threshold (66.97% variants match)
  pgscatalog.match.lib._match.filter: 2025-11-14 09:53:03 ERROR    Score PGS000212_hmPOS_GRCh37 fails minimum matching threshold (66.97% variants match)
  pgscatalog.match.lib._match.filter: 2025-11-14 09:53:03 ERROR    Score PGS000216_hmPOS_GRCh37 fails minimum matching threshold (66.97% variants match)
  pgscatalog.match.lib._match.filter: 2025-11-14 09:53:03 ERROR    Score PGS000213_hmPOS_GRCh37 fails minimum matching threshold (66.97% variants match)
  pgscatalog.match.lib._match.filter: 2025-11-14 09:53:03 ERROR    Score PGS000214_hmPOS_GRCh37 fails minimum matching threshold (66.97% variants match)
  pgscatalog.match.lib._match.log: 2025-11-14 09:53:03 DEBUG    Aggregating best matches into a summary table
  pgscatalog.match.lib._match.plink: 2025-11-14 09:53:03 INFO     No variants with effect_type=EffectType.ADDITIVE, skipping deduplication
  pgscatalog.match.lib._match.plink: 2025-11-14 09:53:03 INFO     No variants with effect_type=EffectType.DOMINANT, skipping deduplication
  pgscatalog.match.lib._match.plink: 2025-11-14 09:53:03 INFO     No variants with effect_type=EffectType.RECESSIVE, skipping deduplication
  pgscatalog.match.lib.matchresult: 2025-11-14 09:53:03 WARNING  Score PGS000215_hmPOS_GRCh37 matching failed with match rate 0.6696969696969697
  pgscatalog.match.lib.matchresult: 2025-11-14 09:53:03 WARNING  Score PGS000212_hmPOS_GRCh37 matching failed with match rate 0.6696969696969697
  pgscatalog.match.lib.matchresult: 2025-11-14 09:53:03 WARNING  Score PGS000216_hmPOS_GRCh37 matching failed with match rate 0.6696969696969697
  pgscatalog.match.lib.matchresult: 2025-11-14 09:53:03 WARNING  Score PGS000213_hmPOS_GRCh37 matching failed with match rate 0.6696969696969697
  pgscatalog.match.lib.matchresult: 2025-11-14 09:53:03 WARNING  Score PGS000214_hmPOS_GRCh37 matching failed with match rate 0.6696969696969697
  Traceback (most recent call last):
    File "/app/pgscatalog.utils/.venv/bin/pgscatalog-matchmerge", line 8, in <module>
      sys.exit(run_merge())
               ^^^^^^^^^^^
    File "/app/pgscatalog.utils/.venv/lib/python3.11/site-packages/pgscatalog/match/cli/merge_cli.py", line 70, in run_merge
      matchdf = write_matches(matchresults=matchresults, score_df=score_df)
                ^^^^^^^^^^^^^^^^^^^^^^^^^^^^^^^^^^^^^^^^^^^^^^^^^^^^^^^^^^^
    File "/app/pgscatalog.utils/.venv/lib/python3.11/site-packages/pgscatalog/match/cli/_write.py", line 33, in write_matches
      _ = matchresults.write_scorefiles(
          ^^^^^^^^^^^^^^^^^^^^^^^^^^^^^^
    File "/app/pgscatalog.utils/.venv/lib/python3.11/site-packages/pgscatalog/match/lib/matchresult.py", line 329, in write_scorefiles
      raise ZeroMatchesError(
  pgscatalog.core.lib.pgsexceptions.ZeroMatchesError: All scores fail to meet match threshold 0.75
  Exception ignored in atexit callback: <function _exit at 0xce0b85e8180>
  Traceback (most recent call last):
    File "/app/pgscatalog.utils/.venv/lib/python3.11/site-packages/pgscatalog/match/cli/merge_cli.py", line 20, in _exit
      shutil.rmtree(Config.TMPDIR)
    File "/usr/local/lib/python3.11/shutil.py", line 752, in rmtree
      _rmtree_safe_fd(fd, path, onerror)
    File "/usr/local/lib/python3.11/shutil.py", line 703, in _rmtree_safe_fd
      onerror(os.unlink, fullname, sys.exc_info())
    File "/usr/local/lib/python3.11/shutil.py", line 701, in _rmtree_safe_fd
      os.unlink(entry.name, dir_fd=topfd)
  OSError: [Errno 16] Device or resource busy: '.nfs0fc9cfcecc5d2feb000034ba'

Work dir:
  /projects/rpci/songyao/pnfioric/pgs_calc/work/71/e7f7562631743420a1f46365f36aa5

Container:
  /projects/rpci/songyao/pnfioric/pgs_calc/work/singularity/ghcr.io-pgscatalog-pygscatalog-pgscatalog-utils-1.4.4-singularity.img

Tip: you can try to figure out what's wrong by changing to the process work dir and showing the script file named `.command.sh`

 -- Check '.nextflow.log' file for details

executor >  local (47)
[e9/d2fb25] PGS…216, pgp_id:, trait_efo:]) | 1 of 1 ✔
[54/c53df0] PGS…ECK:COMBINE_SCOREFILES (1) | 1 of 1 ✔
[-        ] PGS…MPATIBLE:PLINK2_RELABELBIM -
[60/37ef7c] PGS…R (pathways chromosome 22) | 22 of 22 ✔
[-        ] PGS…MAKE_COMPATIBLE:PLINK2_VCF -
[56/63e8c5] PGS…S (pathways chromosome 22) | 22 of 22 ✔
[71/e7f756] PGS…H:MATCH_COMBINE (pathways) | 1 of 1, failed: 1 ✘
[-        ] PGS…C:APPLY_SCORE:PLINK2_SCORE -
[-        ] PGS…PPLY_SCORE:SCORE_AGGREGATE -
[-        ] PGS…SCCALC:REPORT:SCORE_REPORT -
[-        ] PGS…CCALC:DUMPSOFTWAREVERSIONS -
Execution cancelled -- Finishing pending tasks before exit
-[pgscatalog/pgsc_calc] Pipeline completed with errors-
ERROR ~ Error executing process > 'PGSCATALOG_PGSCCALC:PGSCCALC:MATCH:MATCH_COMBINE (pathways)'

Caused by:
  Process `PGSCATALOG_PGSCCALC:PGSCCALC:MATCH:MATCH_COMBINE (pathways)` terminated with an error exit status (15)


Command executed:

  export POLARS_MAX_THREADS=2
  
  pgscatalog-matchmerge                          --dataset pathways             --scorefile scorefiles.txt.gz             --matches *.ipc.zst             --min_overlap 0.75                                       --outdir $PWD             --split                          -v
  
  cat <<-END_VERSIONS > versions.yml
  MATCH_COMBINE:
      pgscatalog.match: $(echo $(python -c 'import pgscatalog.match; print(pgscatalog.match.__version__)'))
  END_VERSIONS

Command exit status:
  15

Command output:
  (empty)

Command error:
  pgscatalog.match.lib._match.label: 2025-11-14 09:53:03 DEBUG    Labelling best match type (refalt > altref > ...)
  pgscatalog.match.lib._match.label: 2025-11-14 09:53:03 DEBUG    Labelling duplicated best match: keeping first instance as best_match = True
  pgscatalog.match.lib._match.label: 2025-11-14 09:53:03 DEBUG    Labelling multiple scoring file lines (accession/row_nr) that best_match to the same variant
  pgscatalog.match.lib._match.label: 2025-11-14 09:53:03 DEBUG    Labelling all duplicates with exclude flag
  pgscatalog.match.lib._match.label: 2025-11-14 09:53:03 DEBUG    Labelling ambiguous variants
  pgscatalog.match.lib._match.preprocess: 2025-11-14 09:53:03 DEBUG    Complementing column REF
  pgscatalog.match.lib._match.label: 2025-11-14 09:53:03 DEBUG    Labelling ambiguous variants with exclude flag
  pgscatalog.match.lib._match.label: 2025-11-14 09:53:03 DEBUG    Labelling multiallelic matches with exclude flag
  pgscatalog.match.lib._match.label: 2025-11-14 09:53:03 DEBUG    Not excluding flipped matches
  pgscatalog.match.lib._match.label: 2025-11-14 09:53:03 INFO     --filter_IDs not set, skipping filtering
  pgscatalog.match.lib._match.filter: 2025-11-14 09:53:03 DEBUG    Filtering to best_match variants (with exclude flag = False)
  pgscatalog.match.lib._match.filter: 2025-11-14 09:53:03 DEBUG    Calculating overlap between target genome and scoring file
  pgscatalog.match.lib._match.filter: 2025-11-14 09:53:03 ERROR    Score PGS000215_hmPOS_GRCh37 fails minimum matching threshold (66.97% variants match)
  pgscatalog.match.lib._match.filter: 2025-11-14 09:53:03 ERROR    Score PGS000212_hmPOS_GRCh37 fails minimum matching threshold (66.97% variants match)
  pgscatalog.match.lib._match.filter: 2025-11-14 09:53:03 ERROR    Score PGS000216_hmPOS_GRCh37 fails minimum matching threshold (66.97% variants match)
  pgscatalog.match.lib._match.filter: 2025-11-14 09:53:03 ERROR    Score PGS000213_hmPOS_GRCh37 fails minimum matching threshold (66.97% variants match)
  pgscatalog.match.lib._match.filter: 2025-11-14 09:53:03 ERROR    Score PGS000214_hmPOS_GRCh37 fails minimum matching threshold (66.97% variants match)
  pgscatalog.match.lib._match.log: 2025-11-14 09:53:03 DEBUG    Aggregating best matches into a summary table
  pgscatalog.match.lib._match.plink: 2025-11-14 09:53:03 INFO     No variants with effect_type=EffectType.ADDITIVE, skipping deduplication
  pgscatalog.match.lib._match.plink: 2025-11-14 09:53:03 INFO     No variants with effect_type=EffectType.DOMINANT, skipping deduplication
  pgscatalog.match.lib._match.plink: 2025-11-14 09:53:03 INFO     No variants with effect_type=EffectType.RECESSIVE, skipping deduplication
  pgscatalog.match.lib.matchresult: 2025-11-14 09:53:03 WARNING  Score PGS000215_hmPOS_GRCh37 matching failed with match rate 0.6696969696969697
  pgscatalog.match.lib.matchresult: 2025-11-14 09:53:03 WARNING  Score PGS000212_hmPOS_GRCh37 matching failed with match rate 0.6696969696969697
  pgscatalog.match.lib.matchresult: 2025-11-14 09:53:03 WARNING  Score PGS000216_hmPOS_GRCh37 matching failed with match rate 0.6696969696969697
  pgscatalog.match.lib.matchresult: 2025-11-14 09:53:03 WARNING  Score PGS000213_hmPOS_GRCh37 matching failed with match rate 0.6696969696969697
  pgscatalog.match.lib.matchresult: 2025-11-14 09:53:03 WARNING  Score PGS000214_hmPOS_GRCh37 matching failed with match rate 0.6696969696969697
  Traceback (most recent call last):
    File "/app/pgscatalog.utils/.venv/bin/pgscatalog-matchmerge", line 8, in <module>
      sys.exit(run_merge())
               ^^^^^^^^^^^
    File "/app/pgscatalog.utils/.venv/lib/python3.11/site-packages/pgscatalog/match/cli/merge_cli.py", line 70, in run_merge
      matchdf = write_matches(matchresults=matchresults, score_df=score_df)
                ^^^^^^^^^^^^^^^^^^^^^^^^^^^^^^^^^^^^^^^^^^^^^^^^^^^^^^^^^^^
    File "/app/pgscatalog.utils/.venv/lib/python3.11/site-packages/pgscatalog/match/cli/_write.py", line 33, in write_matches
      _ = matchresults.write_scorefiles(
          ^^^^^^^^^^^^^^^^^^^^^^^^^^^^^^
    File "/app/pgscatalog.utils/.venv/lib/python3.11/site-packages/pgscatalog/match/lib/matchresult.py", line 329, in write_scorefiles
      raise ZeroMatchesError(
  pgscatalog.core.lib.pgsexceptions.ZeroMatchesError: All scores fail to meet match threshold 0.75
  Exception ignored in atexit callback: <function _exit at 0xce0b85e8180>
  Traceback (most recent call last):
    File "/app/pgscatalog.utils/.venv/lib/python3.11/site-packages/pgscatalog/match/cli/merge_cli.py", line 20, in _exit
      shutil.rmtree(Config.TMPDIR)
    File "/usr/local/lib/python3.11/shutil.py", line 752, in rmtree
      _rmtree_safe_fd(fd, path, onerror)
    File "/usr/local/lib/python3.11/shutil.py", line 703, in _rmtree_safe_fd
      onerror(os.unlink, fullname, sys.exc_info())
    File "/usr/local/lib/python3.11/shutil.py", line 701, in _rmtree_safe_fd
      os.unlink(entry.name, dir_fd=topfd)
  OSError: [Errno 16] Device or resource busy: '.nfs0fc9cfcecc5d2feb000034ba'

Work dir:
  /projects/rpci/songyao/pnfioric/pgs_calc/work/71/e7f7562631743420a1f46365f36aa5

Container:
  /projects/rpci/songyao/pnfioric/pgs_calc/work/singularity/ghcr.io-pgscatalog-pygscatalog-pgscatalog-utils-1.4.4-singularity.img

Tip: you can try to figure out what's wrong by changing to the process work dir and showing the script file named `.command.sh`

 -- Check '.nextflow.log' file for details

executor >  local (47)
[e9/d2fb25] PGS…216, pgp_id:, trait_efo:]) | 1 of 1 ✔
[54/c53df0] PGS…ECK:COMBINE_SCOREFILES (1) | 1 of 1 ✔
[-        ] PGS…MPATIBLE:PLINK2_RELABELBIM -
[60/37ef7c] PGS…R (pathways chromosome 22) | 22 of 22 ✔
[-        ] PGS…MAKE_COMPATIBLE:PLINK2_VCF -
[56/63e8c5] PGS…S (pathways chromosome 22) | 22 of 22 ✔
[71/e7f756] PGS…H:MATCH_COMBINE (pathways) | 1 of 1, failed: 1 ✘
[-        ] PGS…C:APPLY_SCORE:PLINK2_SCORE -
[-        ] PGS…PPLY_SCORE:SCORE_AGGREGATE -
[-        ] PGS…SCCALC:REPORT:SCORE_REPORT -
[-        ] PGS…CCALC:DUMPSOFTWAREVERSIONS -
Execution cancelled -- Finishing pending tasks before exit
-[pgscatalog/pgsc_calc] Pipeline completed with errors-
ERROR ~ Error executing process > 'PGSCATALOG_PGSCCALC:PGSCCALC:MATCH:MATCH_COMBINE (pathways)'

Caused by:
  Process `PGSCATALOG_PGSCCALC:PGSCCALC:MATCH:MATCH_COMBINE (pathways)` terminated with an error exit status (15)


Command executed:

  export POLARS_MAX_THREADS=2
  
  pgscatalog-matchmerge                          --dataset pathways             --scorefile scorefiles.txt.gz             --matches *.ipc.zst             --min_overlap 0.75                                       --outdir $PWD             --split                          -v
  
  cat <<-END_VERSIONS > versions.yml
  MATCH_COMBINE:
      pgscatalog.match: $(echo $(python -c 'import pgscatalog.match; print(pgscatalog.match.__version__)'))
  END_VERSIONS

Command exit status:
  15

Command output:
  (empty)

Command error:
  pgscatalog.match.lib._match.label: 2025-11-14 09:53:03 DEBUG    Labelling best match type (refalt > altref > ...)
  pgscatalog.match.lib._match.label: 2025-11-14 09:53:03 DEBUG    Labelling duplicated best match: keeping first instance as best_match = True
  pgscatalog.match.lib._match.label: 2025-11-14 09:53:03 DEBUG    Labelling multiple scoring file lines (accession/row_nr) that best_match to the same variant
  pgscatalog.match.lib._match.label: 2025-11-14 09:53:03 DEBUG    Labelling all duplicates with exclude flag
  pgscatalog.match.lib._match.label: 2025-11-14 09:53:03 DEBUG    Labelling ambiguous variants
  pgscatalog.match.lib._match.preprocess: 2025-11-14 09:53:03 DEBUG    Complementing column REF
  pgscatalog.match.lib._match.label: 2025-11-14 09:53:03 DEBUG    Labelling ambiguous variants with exclude flag
  pgscatalog.match.lib._match.label: 2025-11-14 09:53:03 DEBUG    Labelling multiallelic matches with exclude flag
  pgscatalog.match.lib._match.label: 2025-11-14 09:53:03 DEBUG    Not excluding flipped matches
  pgscatalog.match.lib._match.label: 2025-11-14 09:53:03 INFO     --filter_IDs not set, skipping filtering
  pgscatalog.match.lib._match.filter: 2025-11-14 09:53:03 DEBUG    Filtering to best_match variants (with exclude flag = False)
  pgscatalog.match.lib._match.filter: 2025-11-14 09:53:03 DEBUG    Calculating overlap between target genome and scoring file
  pgscatalog.match.lib._match.filter: 2025-11-14 09:53:03 ERROR    Score PGS000215_hmPOS_GRCh37 fails minimum matching threshold (66.97% variants match)
  pgscatalog.match.lib._match.filter: 2025-11-14 09:53:03 ERROR    Score PGS000212_hmPOS_GRCh37 fails minimum matching threshold (66.97% variants match)
  pgscatalog.match.lib._match.filter: 2025-11-14 09:53:03 ERROR    Score PGS000216_hmPOS_GRCh37 fails minimum matching threshold (66.97% variants match)
  pgscatalog.match.lib._match.filter: 2025-11-14 09:53:03 ERROR    Score PGS000213_hmPOS_GRCh37 fails minimum matching threshold (66.97% variants match)
  pgscatalog.match.lib._match.filter: 2025-11-14 09:53:03 ERROR    Score PGS000214_hmPOS_GRCh37 fails minimum matching threshold (66.97% variants match)
  pgscatalog.match.lib._match.log: 2025-11-14 09:53:03 DEBUG    Aggregating best matches into a summary table
  pgscatalog.match.lib._match.plink: 2025-11-14 09:53:03 INFO     No variants with effect_type=EffectType.ADDITIVE, skipping deduplication
  pgscatalog.match.lib._match.plink: 2025-11-14 09:53:03 INFO     No variants with effect_type=EffectType.DOMINANT, skipping deduplication
  pgscatalog.match.lib._match.plink: 2025-11-14 09:53:03 INFO     No variants with effect_type=EffectType.RECESSIVE, skipping deduplication
  pgscatalog.match.lib.matchresult: 2025-11-14 09:53:03 WARNING  Score PGS000215_hmPOS_GRCh37 matching failed with match rate 0.6696969696969697
  pgscatalog.match.lib.matchresult: 2025-11-14 09:53:03 WARNING  Score PGS000212_hmPOS_GRCh37 matching failed with match rate 0.6696969696969697
  pgscatalog.match.lib.matchresult: 2025-11-14 09:53:03 WARNING  Score PGS000216_hmPOS_GRCh37 matching failed with match rate 0.6696969696969697
  pgscatalog.match.lib.matchresult: 2025-11-14 09:53:03 WARNING  Score PGS000213_hmPOS_GRCh37 matching failed with match rate 0.6696969696969697
  pgscatalog.match.lib.matchresult: 2025-11-14 09:53:03 WARNING  Score PGS000214_hmPOS_GRCh37 matching failed with match rate 0.6696969696969697
  Traceback (most recent call last):
    File "/app/pgscatalog.utils/.venv/bin/pgscatalog-matchmerge", line 8, in <module>
      sys.exit(run_merge())
               ^^^^^^^^^^^
    File "/app/pgscatalog.utils/.venv/lib/python3.11/site-packages/pgscatalog/match/cli/merge_cli.py", line 70, in run_merge
      matchdf = write_matches(matchresults=matchresults, score_df=score_df)
                ^^^^^^^^^^^^^^^^^^^^^^^^^^^^^^^^^^^^^^^^^^^^^^^^^^^^^^^^^^^
    File "/app/pgscatalog.utils/.venv/lib/python3.11/site-packages/pgscatalog/match/cli/_write.py", line 33, in write_matches
      _ = matchresults.write_scorefiles(
          ^^^^^^^^^^^^^^^^^^^^^^^^^^^^^^
    File "/app/pgscatalog.utils/.venv/lib/python3.11/site-packages/pgscatalog/match/lib/matchresult.py", line 329, in write_scorefiles
      raise ZeroMatchesError(
  pgscatalog.core.lib.pgsexceptions.ZeroMatchesError: All scores fail to meet match threshold 0.75
  Exception ignored in atexit callback: <function _exit at 0xce0b85e8180>
  Traceback (most recent call last):
    File "/app/pgscatalog.utils/.venv/lib/python3.11/site-packages/pgscatalog/match/cli/merge_cli.py", line 20, in _exit
      shutil.rmtree(Config.TMPDIR)
    File "/usr/local/lib/python3.11/shutil.py", line 752, in rmtree
      _rmtree_safe_fd(fd, path, onerror)
    File "/usr/local/lib/python3.11/shutil.py", line 703, in _rmtree_safe_fd
      onerror(os.unlink, fullname, sys.exc_info())
    File "/usr/local/lib/python3.11/shutil.py", line 701, in _rmtree_safe_fd
      os.unlink(entry.name, dir_fd=topfd)
  OSError: [Errno 16] Device or resource busy: '.nfs0fc9cfcecc5d2feb000034ba'

Work dir:
  /projects/rpci/songyao/pnfioric/pgs_calc/work/71/e7f7562631743420a1f46365f36aa5

Container:
  /projects/rpci/songyao/pnfioric/pgs_calc/work/singularity/ghcr.io-pgscatalog-pygscatalog-pgscatalog-utils-1.4.4-singularity.img

Tip: you can try to figure out what's wrong by changing to the process work dir and showing the script file named `.command.sh`

 -- Check '.nextflow.log' file for details

